#
# There is insufficient memory for the Java Runtime Environment to continue.
# Native memory allocation (mmap) failed to map 32505856 bytes for Failed to commit area from 0x0000000089800000 to 0x000000008b700000 of length 32505856.
# Possible reasons:
#   The system is out of physical RAM or swap space
#   The process is running with CompressedOops enabled, and the Java Heap may be blocking the growth of the native heap
# Possible solutions:
#   Reduce memory load on the system
#   Increase physical memory or swap space
#   Check if swap backing store is full
#   Decrease Java heap size (-Xmx/-Xms)
#   Decrease number of Java threads
#   Decrease Java thread stack sizes (-Xss)
#   Set larger code cache with -XX:ReservedCodeCacheSize=
#   JVM is running with Unscaled Compressed Oops mode in which the Java heap is
#     placed in the first 4GB address space. The Java Heap base address is the
#     maximum limit for the native heap growth. Please use -XX:HeapBaseMinAddress
#     to set the Java Heap base and to place the Java Heap above 4GB virtual address.
# This output file may be truncated or incomplete.
#
#  Out of Memory Error (./src/hotspot/os/windows/os_windows.cpp:3521), pid=11192, tid=8236
#
# JRE version: OpenJDK Runtime Environment (11.0.12+7) (build 11.0.12+7-b1504.28-7817840)
# Java VM: OpenJDK 64-Bit Server VM (11.0.12+7-b1504.28-7817840, mixed mode, tiered, compressed oops, g1 gc, windows-amd64)
# No core dump will be written. Minidumps are not enabled by default on client versions of Windows
#

---------------  S U M M A R Y ------------

Command Line: --add-opens=java.base/java.util=ALL-UNNAMED --add-opens=java.base/java.lang=ALL-UNNAMED --add-opens=java.base/java.lang.invoke=ALL-UNNAMED --add-opens=java.base/java.util=ALL-UNNAMED --add-opens=java.prefs/java.util.prefs=ALL-UNNAMED --add-opens=java.prefs/java.util.prefs=ALL-UNNAMED --add-opens=java.base/java.nio.charset=ALL-UNNAMED --add-opens=java.base/java.net=ALL-UNNAMED --add-opens=java.base/java.util.concurrent.atomic=ALL-UNNAMED -Xmx2048m -Dfile.encoding=UTF-8 -Duser.country=US -Duser.language=en -Duser.variant org.gradle.launcher.daemon.bootstrap.GradleDaemon 7.2

Host: Intel(R) Core(TM) i5-8265U CPU @ 1.60GHz, 8 cores, 7G,  Windows 10 , 64 bit Build 19041 (10.0.19041.1706)
Time: Sun Jun  5 22:48:20 2022 SE Asia Standard Time elapsed time: 10.893370 seconds (0d 0h 0m 10s)

---------------  T H R E A D  ---------------

Current thread (0x000001a1f008d000):  VMThread "VM Thread" [stack: 0x0000001897800000,0x0000001897900000] [id=8236]

Stack: [0x0000001897800000,0x0000001897900000]
[error occurred during error reporting (printing stack bounds), id 0xc0000005, EXCEPTION_ACCESS_VIOLATION (0xc0000005) at pc=0x000001a1d8f5112d]

Native frames: (J=compiled Java code, j=interpreted, Vv=VM code, C=native code)
V  [jvm.dll+0x5fbcea]
V  [jvm.dll+0x731905]
V  [jvm.dll+0x732f1d]
V  [jvm.dll+0x733535]
V  [jvm.dll+0x7334eb]
V  [jvm.dll+0x5fb080]
V  [jvm.dll+0x5fb818]
C  [ntdll.dll+0xa209f]
C  [ntdll.dll+0x51454]
C  [ntdll.dll+0xa0bce]
C  0x000001a1d8f5112d

VM_Operation (0x0000001898bf1a90): G1CollectForAllocation, mode: safepoint, requested by thread 0x000001a1f2f4a800


---------------  P R O C E S S  ---------------

Threads class SMR info:
_java_thread_list=0x000001a1f84a2710, length=122, elements={
0x000001a1d543c000, 0x000001a1f0090800, 0x000001a1f009e000, 0x000001a1f0a15800,
0x000001a1f0a16800, 0x000001a1f0a18000, 0x000001a1f0a1e000, 0x000001a1f0a1f800,
0x000001a1f00b1000, 0x000001a1f0b60000, 0x000001a1f34d8800, 0x000001a1f0cc1800,
0x000001a1f3fea800, 0x000001a1f0c56000, 0x000001a1f41aa800, 0x000001a1f29f3000,
0x000001a1f2f4a800, 0x000001a1f2215000, 0x000001a1f4000800, 0x000001a1f2d8e800,
0x000001a1f2d91000, 0x000001a1f2d8e000, 0x000001a1f2d8d000, 0x000001a1f2d8c800,
0x000001a1f2d8f800, 0x000001a1f2d92000, 0x000001a1f2d93000, 0x000001a1f367d000,
0x000001a1f367d800, 0x000001a1f367b800, 0x000001a1f3682800, 0x000001a1f3683800,
0x000001a1f3684800, 0x000001a1f367f800, 0x000001a1f3686000, 0x000001a1f3680000,
0x000001a1f3686800, 0x000001a1f3681000, 0x000001a1f368a000, 0x000001a1f3687800,
0x000001a1f3688800, 0x000001a1f3689000, 0x000001a1f3d21800, 0x000001a1f3d25800,
0x000001a1f3d26800, 0x000001a1f3d22000, 0x000001a1f3d29000, 0x000001a1f3d23000,
0x000001a1f3d28000, 0x000001a1f3d29800, 0x000001a1f3d24800, 0x000001a1f3d27000,
0x000001a1f3d24000, 0x000001a1f3d2b000, 0x000001a1f3d2d000, 0x000001a1f3d2a800,
0x000001a1f3d2c000, 0x000001a1f3d2d800, 0x000001a1f3d2e800, 0x000001a1f3d2f800,
0x000001a1f3d30000, 0x000001a1f0f06000, 0x000001a1f0f07800, 0x000001a1f0f0a800,
0x000001a1f0f0b800, 0x000001a1f0f0c800, 0x000001a1f0f06800, 0x000001a1f0f0d000,
0x000001a1f0f0e000, 0x000001a1f0f08800, 0x000001a1f0f0f000, 0x000001a1f0f09000,
0x000001a1f0f0f800, 0x000001a1f0f0a000, 0x000001a1f0f10800, 0x000001a1f0f11000,
0x000001a1f0f12000, 0x000001a1f0f13000, 0x000001a1f0f13800, 0x000001a1f0f14800,
0x000001a1f3f71800, 0x000001a1f3f73800, 0x000001a1f3f75000, 0x000001a1f3f72800,
0x000001a1f3f74000, 0x000001a1f3f76800, 0x000001a1f3f75800, 0x000001a1f3f71000,
0x000001a1f3f78000, 0x000001a1f3f77800, 0x000001a1f3f7d000, 0x000001a1f3f7b800,
0x000001a1f3f7c800, 0x000001a1f3f7e800, 0x000001a1f3f7e000, 0x000001a1f3f7a800,
0x000001a1f3f79000, 0x000001a1f3f7f800, 0x000001a1f3f7a000, 0x000001a1f6353800,
0x000001a1f6354000, 0x000001a1f6350000, 0x000001a1f6355000, 0x000001a1f6356000,
0x000001a1f6351800, 0x000001a1f6356800, 0x000001a1f6352800, 0x000001a1f6351000,
0x000001a1f635d000, 0x000001a1f635a000, 0x000001a1f6357800, 0x000001a1f635c800,
0x000001a1f6359000, 0x000001a1f6358000, 0x000001a1f635a800, 0x000001a1f635b800,
0x000001a1f635e800, 0x000001a1f635e000, 0x000001a1f6379800, 0x000001a1f637f000,
0x000001a1f6380000, 0x000001a1f6380800
}

Java Threads: ( => current thread )
  0x000001a1d543c000 JavaThread "main" [_thread_blocked, id=10308, stack(0x0000001897200000,0x0000001897300000)]
  0x000001a1f0090800 JavaThread "Reference Handler" daemon [_thread_blocked, id=9456, stack(0x0000001897900000,0x0000001897a00000)]
  0x000001a1f009e000 JavaThread "Finalizer" daemon [_thread_blocked, id=16724, stack(0x0000001897a00000,0x0000001897b00000)]
  0x000001a1f0a15800 JavaThread "Signal Dispatcher" daemon [_thread_blocked, id=9484, stack(0x0000001897b00000,0x0000001897c00000)]
  0x000001a1f0a16800 JavaThread "Attach Listener" daemon [_thread_blocked, id=11824, stack(0x0000001897c00000,0x0000001897d00000)]
  0x000001a1f0a18000 JavaThread "Service Thread" daemon [_thread_blocked, id=12268, stack(0x0000001897d00000,0x0000001897e00000)]
  0x000001a1f0a1e000 JavaThread "C2 CompilerThread0" daemon [_thread_blocked, id=12564, stack(0x0000001897e00000,0x0000001897f00000)]
  0x000001a1f0a1f800 JavaThread "C1 CompilerThread0" daemon [_thread_blocked, id=5000, stack(0x0000001897f00000,0x0000001898000000)]
  0x000001a1f00b1000 JavaThread "Sweeper thread" daemon [_thread_blocked, id=3048, stack(0x0000001898000000,0x0000001898100000)]
  0x000001a1f0b60000 JavaThread "Common-Cleaner" daemon [_thread_blocked, id=3804, stack(0x0000001898100000,0x0000001898200000)]
  0x000001a1f34d8800 JavaThread "Daemon health stats" [_thread_blocked, id=6772, stack(0x0000001898700000,0x0000001898800000)]
  0x000001a1f0cc1800 JavaThread "Incoming local TCP Connector on port 62042" [_thread_in_native, id=5888, stack(0x0000001898300000,0x0000001898400000)]
  0x000001a1f3fea800 JavaThread "Daemon periodic checks" [_thread_blocked, id=1748, stack(0x0000001898400000,0x0000001898500000)]
  0x000001a1f0c56000 JavaThread "Daemon" [_thread_blocked, id=6452, stack(0x0000001898800000,0x0000001898900000)]
  0x000001a1f41aa800 JavaThread "Handler for socket connection from /127.0.0.1:62042 to /127.0.0.1:62043" [_thread_in_native, id=15724, stack(0x0000001898900000,0x0000001898a00000)]
  0x000001a1f29f3000 JavaThread "Cancel handler" [_thread_blocked, id=13320, stack(0x0000001898a00000,0x0000001898b00000)]
  0x000001a1f2f4a800 JavaThread "Daemon worker" [_thread_blocked, id=15100, stack(0x0000001898b00000,0x0000001898c00000)]
  0x000001a1f2215000 JavaThread "Asynchronous log dispatcher for DefaultDaemonConnection: socket connection from /127.0.0.1:62042 to /127.0.0.1:62043" [_thread_blocked, id=11284, stack(0x0000001898d00000,0x0000001898e00000)]
  0x000001a1f4000800 JavaThread "Stdin handler" [_thread_blocked, id=8056, stack(0x0000001898e00000,0x0000001898f00000)]
  0x000001a1f2d8e800 JavaThread "Daemon client event forwarder" [_thread_blocked, id=8352, stack(0x0000001898f00000,0x0000001899000000)]
  0x000001a1f2d91000 JavaThread "Cache worker for journal cache (C:\Users\tuanh\.gradle\caches\journal-1)" [_thread_blocked, id=15568, stack(0x0000001899500000,0x0000001899600000)]
  0x000001a1f2d8e000 JavaThread "File lock request listener" [_thread_in_native, id=12404, stack(0x0000001899600000,0x0000001899700000)]
  0x000001a1f2d8d000 JavaThread "Cache worker for file hash cache (C:\Users\tuanh\.gradle\caches\7.2\fileHashes)" [_thread_blocked, id=15844, stack(0x0000001899700000,0x0000001899800000)]
  0x000001a1f2d8c800 JavaThread "Cache worker for file hash cache (E:\Java\nonowaller\IE303.M21.CNCL\EWallet\.gradle\7.2\fileHashes)" [_thread_blocked, id=13796, stack(0x0000001899900000,0x0000001899a00000)]
  0x000001a1f2d8f800 JavaThread "File watcher server" daemon [_thread_in_native, id=13752, stack(0x0000001899a00000,0x0000001899b00000)]
  0x000001a1f2d92000 JavaThread "File watcher consumer" daemon [_thread_blocked, id=15880, stack(0x0000001899b00000,0x0000001899c00000)]
  0x000001a1f2d93000 JavaThread "Cache worker for checksums cache (E:\Java\nonowaller\IE303.M21.CNCL\EWallet\.gradle\checksums)" [_thread_blocked, id=16564, stack(0x0000001899c00000,0x0000001899d00000)]
  0x000001a1f367d000 JavaThread "Cache worker for cache directory md-supplier (C:\Users\tuanh\.gradle\caches\7.2\md-supplier)" [_thread_blocked, id=12012, stack(0x0000001899d00000,0x0000001899e00000)]
  0x000001a1f367d800 JavaThread "Cache worker for cache directory md-rule (C:\Users\tuanh\.gradle\caches\7.2\md-rule)" [_thread_blocked, id=15176, stack(0x0000001899e00000,0x0000001899f00000)]
  0x000001a1f367b800 JavaThread "Cache worker for execution history cache (C:\Users\tuanh\.gradle\caches\7.2\executionHistory)" [_thread_blocked, id=15532, stack(0x0000001899f00000,0x000000189a000000)]
  0x000001a1f3682800 JavaThread "jar transforms" [_thread_blocked, id=628, stack(0x000000189a000000,0x000000189a100000)]
  0x000001a1f3683800 JavaThread "Cache worker for file content cache (C:\Users\tuanh\.gradle\caches\7.2\fileContent)" [_thread_blocked, id=6240, stack(0x000000189a100000,0x000000189a200000)]
  0x000001a1f3684800 JavaThread "jar transforms Thread 2" [_thread_blocked, id=14568, stack(0x000000189a200000,0x000000189a300000)]
  0x000001a1f367f800 JavaThread "Cache worker for dependencies-accessors (E:\Java\nonowaller\IE303.M21.CNCL\EWallet\.gradle\7.2\dependencies-accessors)" [_thread_blocked, id=15508, stack(0x000000189a300000,0x000000189a400000)]
  0x000001a1f3686000 JavaThread "jar transforms Thread 3" [_thread_blocked, id=14672, stack(0x000000189a400000,0x000000189a500000)]
  0x000001a1f3680000 JavaThread "Cache worker for Build Output Cleanup Cache (E:\Java\nonowaller\IE303.M21.CNCL\EWallet\.gradle\buildOutputCleanup)" [_thread_blocked, id=9716, stack(0x000000189a500000,0x000000189a600000)]
  0x000001a1f3686800 JavaThread "Unconstrained build operations" [_thread_blocked, id=13404, stack(0x000000189a600000,0x000000189a700000)]
  0x000001a1f3681000 JavaThread "Unconstrained build operations Thread 2" [_thread_blocked, id=11116, stack(0x000000189a700000,0x000000189a800000)]
  0x000001a1f368a000 JavaThread "Unconstrained build operations Thread 3" [_thread_blocked, id=16200, stack(0x000000189a800000,0x000000189a900000)]
  0x000001a1f3687800 JavaThread "Unconstrained build operations Thread 4" [_thread_blocked, id=7236, stack(0x000000189a900000,0x000000189aa00000)]
  0x000001a1f3688800 JavaThread "Unconstrained build operations Thread 5" [_thread_blocked, id=5124, stack(0x000000189aa00000,0x000000189ab00000)]
  0x000001a1f3689000 JavaThread "Unconstrained build operations Thread 6" [_thread_blocked, id=2044, stack(0x000000189ab00000,0x000000189ac00000)]
  0x000001a1f3d21800 JavaThread "Unconstrained build operations Thread 7" [_thread_blocked, id=15364, stack(0x000000189ac00000,0x000000189ad00000)]
  0x000001a1f3d25800 JavaThread "Unconstrained build operations Thread 8" [_thread_blocked, id=1828, stack(0x000000189ad00000,0x000000189ae00000)]
  0x000001a1f3d26800 JavaThread "Unconstrained build operations Thread 9" [_thread_blocked, id=15712, stack(0x000000189ae00000,0x000000189af00000)]
  0x000001a1f3d22000 JavaThread "Unconstrained build operations Thread 10" [_thread_blocked, id=5292, stack(0x000000189af00000,0x000000189b000000)]
  0x000001a1f3d29000 JavaThread "Unconstrained build operations Thread 11" [_thread_blocked, id=7052, stack(0x000000189b000000,0x000000189b100000)]
  0x000001a1f3d23000 JavaThread "Unconstrained build operations Thread 12" [_thread_blocked, id=9100, stack(0x000000189b100000,0x000000189b200000)]
  0x000001a1f3d28000 JavaThread "Unconstrained build operations Thread 13" [_thread_blocked, id=15460, stack(0x000000189b200000,0x000000189b300000)]
  0x000001a1f3d29800 JavaThread "Unconstrained build operations Thread 14" [_thread_blocked, id=8592, stack(0x000000189b300000,0x000000189b400000)]
  0x000001a1f3d24800 JavaThread "Unconstrained build operations Thread 15" [_thread_blocked, id=10172, stack(0x000000189b400000,0x000000189b500000)]
  0x000001a1f3d27000 JavaThread "Unconstrained build operations Thread 16" [_thread_blocked, id=7420, stack(0x000000189b500000,0x000000189b600000)]
  0x000001a1f3d24000 JavaThread "Unconstrained build operations Thread 17" [_thread_blocked, id=4332, stack(0x000000189b600000,0x000000189b700000)]
  0x000001a1f3d2b000 JavaThread "Unconstrained build operations Thread 18" [_thread_blocked, id=17008, stack(0x000000189b700000,0x000000189b800000)]
  0x000001a1f3d2d000 JavaThread "Unconstrained build operations Thread 19" [_thread_blocked, id=13776, stack(0x000000189b800000,0x000000189b900000)]
  0x000001a1f3d2a800 JavaThread "Unconstrained build operations Thread 20" [_thread_blocked, id=7860, stack(0x000000189b900000,0x000000189ba00000)]
  0x000001a1f3d2c000 JavaThread "Unconstrained build operations Thread 21" [_thread_blocked, id=13516, stack(0x000000189ba00000,0x000000189bb00000)]
  0x000001a1f3d2d800 JavaThread "Unconstrained build operations Thread 22" [_thread_blocked, id=8132, stack(0x000000189bb00000,0x000000189bc00000)]
  0x000001a1f3d2e800 JavaThread "Unconstrained build operations Thread 23" [_thread_blocked, id=14800, stack(0x000000189bc00000,0x000000189bd00000)]
  0x000001a1f3d2f800 JavaThread "Unconstrained build operations Thread 24" [_thread_blocked, id=2816, stack(0x000000189bd00000,0x000000189be00000)]
  0x000001a1f3d30000 JavaThread "Unconstrained build operations Thread 25" [_thread_blocked, id=13356, stack(0x000000189be00000,0x000000189bf00000)]
  0x000001a1f0f06000 JavaThread "Unconstrained build operations Thread 26" [_thread_blocked, id=16184, stack(0x000000189bf00000,0x000000189c000000)]
  0x000001a1f0f07800 JavaThread "Unconstrained build operations Thread 27" [_thread_blocked, id=9652, stack(0x000000189c000000,0x000000189c100000)]
  0x000001a1f0f0a800 JavaThread "Unconstrained build operations Thread 28" [_thread_blocked, id=5752, stack(0x000000189c100000,0x000000189c200000)]
  0x000001a1f0f0b800 JavaThread "Unconstrained build operations Thread 29" [_thread_blocked, id=1280, stack(0x000000189c200000,0x000000189c300000)]
  0x000001a1f0f0c800 JavaThread "Unconstrained build operations Thread 30" [_thread_blocked, id=1128, stack(0x000000189c300000,0x000000189c400000)]
  0x000001a1f0f06800 JavaThread "Unconstrained build operations Thread 31" [_thread_blocked, id=7228, stack(0x000000189c400000,0x000000189c500000)]
  0x000001a1f0f0d000 JavaThread "Unconstrained build operations Thread 32" [_thread_blocked, id=4736, stack(0x000000189c500000,0x000000189c600000)]
  0x000001a1f0f0e000 JavaThread "Unconstrained build operations Thread 33" [_thread_blocked, id=12036, stack(0x000000189c600000,0x000000189c700000)]
  0x000001a1f0f08800 JavaThread "Unconstrained build operations Thread 34" [_thread_blocked, id=2176, stack(0x000000189c700000,0x000000189c800000)]
  0x000001a1f0f0f000 JavaThread "Unconstrained build operations Thread 35" [_thread_blocked, id=16784, stack(0x000000189c800000,0x000000189c900000)]
  0x000001a1f0f09000 JavaThread "Unconstrained build operations Thread 36" [_thread_blocked, id=4688, stack(0x000000189c900000,0x000000189ca00000)]
  0x000001a1f0f0f800 JavaThread "Unconstrained build operations Thread 37" [_thread_blocked, id=5784, stack(0x000000189ca00000,0x000000189cb00000)]
  0x000001a1f0f0a000 JavaThread "Unconstrained build operations Thread 38" [_thread_blocked, id=13440, stack(0x000000189cb00000,0x000000189cc00000)]
  0x000001a1f0f10800 JavaThread "Unconstrained build operations Thread 39" [_thread_blocked, id=2540, stack(0x000000189cc00000,0x000000189cd00000)]
  0x000001a1f0f11000 JavaThread "Unconstrained build operations Thread 40" [_thread_blocked, id=6952, stack(0x000000189cd00000,0x000000189ce00000)]
  0x000001a1f0f12000 JavaThread "Unconstrained build operations Thread 41" [_thread_blocked, id=5912, stack(0x000000189ce00000,0x000000189cf00000)]
  0x000001a1f0f13000 JavaThread "Unconstrained build operations Thread 42" [_thread_blocked, id=3200, stack(0x000000189cf00000,0x000000189d000000)]
  0x000001a1f0f13800 JavaThread "Unconstrained build operations Thread 43" [_thread_blocked, id=5656, stack(0x000000189d000000,0x000000189d100000)]
  0x000001a1f0f14800 JavaThread "Unconstrained build operations Thread 44" [_thread_blocked, id=4780, stack(0x000000189d100000,0x000000189d200000)]
  0x000001a1f3f71800 JavaThread "Unconstrained build operations Thread 45" [_thread_blocked, id=3476, stack(0x000000189d200000,0x000000189d300000)]
  0x000001a1f3f73800 JavaThread "Unconstrained build operations Thread 46" [_thread_blocked, id=9308, stack(0x000000189d300000,0x000000189d400000)]
  0x000001a1f3f75000 JavaThread "Unconstrained build operations Thread 47" [_thread_blocked, id=5580, stack(0x000000189d400000,0x000000189d500000)]
  0x000001a1f3f72800 JavaThread "Unconstrained build operations Thread 48" [_thread_blocked, id=13300, stack(0x000000189d500000,0x000000189d600000)]
  0x000001a1f3f74000 JavaThread "Unconstrained build operations Thread 49" [_thread_blocked, id=17192, stack(0x000000189d600000,0x000000189d700000)]
  0x000001a1f3f76800 JavaThread "Unconstrained build operations Thread 50" [_thread_blocked, id=11568, stack(0x000000189d700000,0x000000189d800000)]
  0x000001a1f3f75800 JavaThread "Unconstrained build operations Thread 51" [_thread_blocked, id=2112, stack(0x000000189d800000,0x000000189d900000)]
  0x000001a1f3f71000 JavaThread "Unconstrained build operations Thread 52" [_thread_blocked, id=15608, stack(0x000000189d900000,0x000000189da00000)]
  0x000001a1f3f78000 JavaThread "Unconstrained build operations Thread 53" [_thread_blocked, id=1508, stack(0x000000189da00000,0x000000189db00000)]
  0x000001a1f3f77800 JavaThread "Unconstrained build operations Thread 54" [_thread_blocked, id=5336, stack(0x000000189db00000,0x000000189dc00000)]
  0x000001a1f3f7d000 JavaThread "Unconstrained build operations Thread 55" [_thread_blocked, id=7740, stack(0x000000189dc00000,0x000000189dd00000)]
  0x000001a1f3f7b800 JavaThread "Unconstrained build operations Thread 56" [_thread_blocked, id=15660, stack(0x000000189dd00000,0x000000189de00000)]
  0x000001a1f3f7c800 JavaThread "Unconstrained build operations Thread 57" [_thread_blocked, id=1040, stack(0x000000189de00000,0x000000189df00000)]
  0x000001a1f3f7e800 JavaThread "Unconstrained build operations Thread 58" [_thread_blocked, id=16056, stack(0x000000189df00000,0x000000189e000000)]
  0x000001a1f3f7e000 JavaThread "Unconstrained build operations Thread 59" [_thread_blocked, id=15964, stack(0x000000189e000000,0x000000189e100000)]
  0x000001a1f3f7a800 JavaThread "Unconstrained build operations Thread 60" [_thread_blocked, id=2776, stack(0x000000189e100000,0x000000189e200000)]
  0x000001a1f3f79000 JavaThread "Unconstrained build operations Thread 61" [_thread_blocked, id=4604, stack(0x000000189e200000,0x000000189e300000)]
  0x000001a1f3f7f800 JavaThread "Unconstrained build operations Thread 62" [_thread_blocked, id=16596, stack(0x000000189e300000,0x000000189e400000)]
  0x000001a1f3f7a000 JavaThread "Unconstrained build operations Thread 63" [_thread_blocked, id=17208, stack(0x000000189e400000,0x000000189e500000)]
  0x000001a1f6353800 JavaThread "Unconstrained build operations Thread 64" [_thread_blocked, id=10080, stack(0x000000189e500000,0x000000189e600000)]
  0x000001a1f6354000 JavaThread "Unconstrained build operations Thread 65" [_thread_blocked, id=9284, stack(0x000000189e600000,0x000000189e700000)]
  0x000001a1f6350000 JavaThread "Unconstrained build operations Thread 66" [_thread_blocked, id=10784, stack(0x000000189e700000,0x000000189e800000)]
  0x000001a1f6355000 JavaThread "Unconstrained build operations Thread 67" [_thread_blocked, id=10628, stack(0x000000189e800000,0x000000189e900000)]
  0x000001a1f6356000 JavaThread "Unconstrained build operations Thread 68" [_thread_blocked, id=6104, stack(0x000000189e900000,0x000000189ea00000)]
  0x000001a1f6351800 JavaThread "Unconstrained build operations Thread 69" [_thread_blocked, id=14576, stack(0x000000189ea00000,0x000000189eb00000)]
  0x000001a1f6356800 JavaThread "Unconstrained build operations Thread 70" [_thread_blocked, id=11312, stack(0x000000189eb00000,0x000000189ec00000)]
  0x000001a1f6352800 JavaThread "Unconstrained build operations Thread 71" [_thread_blocked, id=7108, stack(0x000000189ec00000,0x000000189ed00000)]
  0x000001a1f6351000 JavaThread "Unconstrained build operations Thread 72" [_thread_blocked, id=17280, stack(0x000000189ed00000,0x000000189ee00000)]
  0x000001a1f635d000 JavaThread "Unconstrained build operations Thread 73" [_thread_blocked, id=10788, stack(0x000000189ee00000,0x000000189ef00000)]
  0x000001a1f635a000 JavaThread "Unconstrained build operations Thread 74" [_thread_blocked, id=8024, stack(0x000000189ef00000,0x000000189f000000)]
  0x000001a1f6357800 JavaThread "Unconstrained build operations Thread 75" [_thread_blocked, id=5208, stack(0x000000189f000000,0x000000189f100000)]
  0x000001a1f635c800 JavaThread "Unconstrained build operations Thread 76" [_thread_blocked, id=16460, stack(0x000000189f100000,0x000000189f200000)]
  0x000001a1f6359000 JavaThread "Unconstrained build operations Thread 77" [_thread_blocked, id=8360, stack(0x000000189f200000,0x000000189f300000)]
  0x000001a1f6358000 JavaThread "Unconstrained build operations Thread 78" [_thread_blocked, id=8500, stack(0x000000189f300000,0x000000189f400000)]
  0x000001a1f635a800 JavaThread "Unconstrained build operations Thread 79" [_thread_blocked, id=10708, stack(0x000000189f400000,0x000000189f500000)]
  0x000001a1f635b800 JavaThread "Unconstrained build operations Thread 80" [_thread_blocked, id=11164, stack(0x000000189f500000,0x000000189f600000)]
  0x000001a1f635e800 JavaThread "jar transforms Thread 4" [_thread_blocked, id=8032, stack(0x000000189f600000,0x000000189f700000)]
  0x000001a1f635e000 JavaThread "jar transforms Thread 5" [_thread_blocked, id=2268, stack(0x000000189f700000,0x000000189f800000)]
  0x000001a1f6379800 JavaThread "jar transforms Thread 6" [_thread_blocked, id=2468, stack(0x000000189f800000,0x000000189f900000)]
  0x000001a1f637f000 JavaThread "jar transforms Thread 7" [_thread_blocked, id=12768, stack(0x000000189f900000,0x000000189fa00000)]
  0x000001a1f6380000 JavaThread "jar transforms Thread 8" [_thread_blocked, id=2512, stack(0x000000189fa00000,0x000000189fb00000)]
  0x000001a1f6380800 JavaThread "Memory manager" [_thread_blocked, id=14364, stack(0x0000001898c00000,0x0000001898d00000)]

Other Threads:
=>0x000001a1f008d000 VMThread "VM Thread" [stack: 0x0000001897800000,0x0000001897900000] [id=8236]
  0x000001a1f0bb0800 WatcherThread [stack: 0x0000001898200000,0x0000001898300000] [id=3276]
  0x000001a1d5456800 GCTaskThread "GC Thread#0" [stack: 0x0000001897300000,0x0000001897400000] [id=14044]
  0x000001a1f1ac8800 GCTaskThread "GC Thread#1" [stack: 0x0000001898500000,0x0000001898600000] [id=9088]
  0x000001a1f1889800 GCTaskThread "GC Thread#2" [stack: 0x0000001898600000,0x0000001898700000] [id=15036]
  0x000001a1f2e10800 GCTaskThread "GC Thread#3" [stack: 0x0000001899000000,0x0000001899100000] [id=14648]
  0x000001a1f28c2000 GCTaskThread "GC Thread#4" [stack: 0x0000001899100000,0x0000001899200000] [id=16324]
  0x000001a1f2ca2800 GCTaskThread "GC Thread#5" [stack: 0x0000001899200000,0x0000001899300000] [id=14148]
  0x000001a1f2db8000 GCTaskThread "GC Thread#6" [stack: 0x0000001899300000,0x0000001899400000] [id=12672]
  0x000001a1f2b56800 GCTaskThread "GC Thread#7" [stack: 0x0000001899400000,0x0000001899500000] [id=7936]
  0x000001a1d5486800 ConcurrentGCThread "G1 Main Marker" [stack: 0x0000001897400000,0x0000001897500000] [id=10468]
  0x000001a1d5488000 ConcurrentGCThread "G1 Conc#0" [stack: 0x0000001897500000,0x0000001897600000] [id=17352]
  0x000001a1f2ebe000 ConcurrentGCThread "G1 Conc#1" [stack: 0x0000001899800000,0x0000001899900000] [id=15504]
  0x000001a1efee0800 ConcurrentGCThread "G1 Refine#0" [stack: 0x0000001897600000,0x0000001897700000] [id=12708]
  0x000001a1efee1800 ConcurrentGCThread "G1 Young RemSet Sampling" [stack: 0x0000001897700000,0x0000001897800000] [id=12944]

Threads with active compile tasks:
C2 CompilerThread0  10919 6504       4       groovy.lang.MetaClassImpl$1MOPIter::methodNameAction (325 bytes)

VM state:at safepoint (normal execution)

VM Mutex/Monitor currently owned by a thread:  ([mutex/lock_event])
[0x000001a1d5438ee0] Threads_lock - owner thread: 0x000001a1f008d000
[0x000001a1d5437aa0] Heap_lock - owner thread: 0x000001a1f2f4a800

Heap address: 0x0000000080000000, size: 2048 MB, Compressed Oops mode: 32-bit
Narrow klass base: 0x0000000000000000, Narrow klass shift: 3
Compressed class space size: 1073741824 Address: 0x0000000100000000

Heap:
 garbage-first heap   total 187392K, used 54396K [0x0000000080000000, 0x0000000100000000)
  region size 1024K, 4 young (4096K), 4 survivors (4096K)
 Metaspace       used 64724K, capacity 66392K, committed 66508K, reserved 1107968K
  class space    used 8236K, capacity 8831K, committed 8908K, reserved 1048576K
Heap Regions: E=young(eden), S=young(survivor), O=old, HS=humongous(starts), HC=humongous(continues), CS=collection set, F=free, A=archive, TAMS=top-at-mark-start (previous, next)
|   0|0x0000000080000000, 0x0000000080100000, 0x0000000080100000|100%| O|  |TAMS 0x0000000080100000, 0x0000000080000000| Untracked 
|   1|0x0000000080100000, 0x0000000080200000, 0x0000000080200000|100%| O|  |TAMS 0x0000000080200000, 0x0000000080100000| Untracked 
|   2|0x0000000080200000, 0x0000000080300000, 0x0000000080300000|100%| O|  |TAMS 0x0000000080300000, 0x0000000080200000| Untracked 
|   3|0x0000000080300000, 0x0000000080400000, 0x0000000080400000|100%|HS|  |TAMS 0x0000000080400000, 0x0000000080300000| Complete 
|   4|0x0000000080400000, 0x0000000080500000, 0x0000000080500000|100%|HC|  |TAMS 0x0000000080500000, 0x0000000080400000| Complete 
|   5|0x0000000080500000, 0x0000000080600000, 0x0000000080600000|100%|HC|  |TAMS 0x0000000080600000, 0x0000000080500000| Complete 
|   6|0x0000000080600000, 0x0000000080700000, 0x0000000080700000|100%| O|  |TAMS 0x0000000080700000, 0x0000000080600000| Untracked 
|   7|0x0000000080700000, 0x0000000080800000, 0x0000000080800000|100%| O|  |TAMS 0x0000000080800000, 0x0000000080700000| Untracked 
|   8|0x0000000080800000, 0x0000000080900000, 0x0000000080900000|100%| O|  |TAMS 0x0000000080900000, 0x0000000080800000| Untracked 
|   9|0x0000000080900000, 0x0000000080a00000, 0x0000000080a00000|100%| O|  |TAMS 0x0000000080a00000, 0x0000000080900000| Untracked 
|  10|0x0000000080a00000, 0x0000000080b00000, 0x0000000080b00000|100%| O|  |TAMS 0x0000000080b00000, 0x0000000080a00000| Untracked 
|  11|0x0000000080b00000, 0x0000000080c00000, 0x0000000080c00000|100%| O|  |TAMS 0x0000000080c00000, 0x0000000080b00000| Untracked 
|  12|0x0000000080c00000, 0x0000000080d00000, 0x0000000080d00000|100%| O|  |TAMS 0x0000000080d00000, 0x0000000080c00000| Untracked 
|  13|0x0000000080d00000, 0x0000000080e00000, 0x0000000080e00000|100%| O|  |TAMS 0x0000000080e00000, 0x0000000080d00000| Untracked 
|  14|0x0000000080e00000, 0x0000000080f00000, 0x0000000080f00000|100%| O|  |TAMS 0x0000000080f00000, 0x0000000080e00000| Untracked 
|  15|0x0000000080f00000, 0x0000000081000000, 0x0000000081000000|100%| O|  |TAMS 0x0000000081000000, 0x0000000080f00000| Untracked 
|  16|0x0000000081000000, 0x0000000081100000, 0x0000000081100000|100%| O|  |TAMS 0x0000000081100000, 0x0000000081000000| Untracked 
|  17|0x0000000081100000, 0x0000000081200000, 0x0000000081200000|100%| O|  |TAMS 0x0000000081200000, 0x0000000081100000| Untracked 
|  18|0x0000000081200000, 0x0000000081300000, 0x0000000081300000|100%| O|  |TAMS 0x0000000081300000, 0x0000000081200000| Untracked 
|  19|0x0000000081300000, 0x0000000081400000, 0x0000000081400000|100%|HS|  |TAMS 0x0000000081400000, 0x0000000081300000| Complete 
|  20|0x0000000081400000, 0x0000000081500000, 0x0000000081500000|100%| O|  |TAMS 0x0000000081500000, 0x0000000081400000| Untracked 
|  21|0x0000000081500000, 0x0000000081600000, 0x0000000081600000|100%| O|  |TAMS 0x0000000081600000, 0x0000000081500000| Untracked 
|  22|0x0000000081600000, 0x0000000081700000, 0x0000000081700000|100%| O|  |TAMS 0x0000000081700000, 0x0000000081600000| Untracked 
|  23|0x0000000081700000, 0x0000000081800000, 0x0000000081800000|100%| O|  |TAMS 0x0000000081800000, 0x0000000081700000| Untracked 
|  24|0x0000000081800000, 0x0000000081900000, 0x0000000081900000|100%| O|  |TAMS 0x0000000081900000, 0x0000000081800000| Untracked 
|  25|0x0000000081900000, 0x0000000081a00000, 0x0000000081a00000|100%| O|  |TAMS 0x0000000081a00000, 0x0000000081900000| Untracked 
|  26|0x0000000081a00000, 0x0000000081b00000, 0x0000000081b00000|100%| O|  |TAMS 0x0000000081b00000, 0x0000000081a00000| Untracked 
|  27|0x0000000081b00000, 0x0000000081c00000, 0x0000000081c00000|100%|HS|  |TAMS 0x0000000081c00000, 0x0000000081b00000| Complete 
|  28|0x0000000081c00000, 0x0000000081d00000, 0x0000000081d00000|100%|HS|  |TAMS 0x0000000081d00000, 0x0000000081c00000| Complete 
|  29|0x0000000081d00000, 0x0000000081e00000, 0x0000000081e00000|100%|HS|  |TAMS 0x0000000081e00000, 0x0000000081d00000| Complete 
|  30|0x0000000081e00000, 0x0000000081f00000, 0x0000000081f00000|100%|HC|  |TAMS 0x0000000081f00000, 0x0000000081e00000| Complete 
|  31|0x0000000081f00000, 0x0000000082000000, 0x0000000082000000|100%| O|  |TAMS 0x0000000082000000, 0x0000000081f00000| Untracked 
|  32|0x0000000082000000, 0x0000000082100000, 0x0000000082100000|100%| O|  |TAMS 0x0000000082100000, 0x0000000082000000| Untracked 
|  33|0x0000000082100000, 0x0000000082200000, 0x0000000082200000|100%| O|  |TAMS 0x0000000082200000, 0x0000000082100000| Untracked 
|  34|0x0000000082200000, 0x0000000082300000, 0x0000000082300000|100%| O|  |TAMS 0x0000000082300000, 0x0000000082200000| Untracked 
|  35|0x0000000082300000, 0x0000000082400000, 0x0000000082400000|100%| O|  |TAMS 0x0000000082400000, 0x0000000082300000| Untracked 
|  36|0x0000000082400000, 0x0000000082500000, 0x0000000082500000|100%| O|  |TAMS 0x0000000082500000, 0x0000000082400000| Untracked 
|  37|0x0000000082500000, 0x0000000082600000, 0x0000000082600000|100%| O|  |TAMS 0x0000000082600000, 0x0000000082500000| Untracked 
|  38|0x0000000082600000, 0x0000000082700000, 0x0000000082700000|100%| O|  |TAMS 0x0000000082700000, 0x0000000082600000| Untracked 
|  39|0x0000000082700000, 0x0000000082800000, 0x0000000082800000|100%| O|  |TAMS 0x0000000082800000, 0x0000000082700000| Untracked 
|  40|0x0000000082800000, 0x0000000082900000, 0x0000000082900000|100%| O|  |TAMS 0x0000000082900000, 0x0000000082800000| Untracked 
|  41|0x0000000082900000, 0x0000000082a00000, 0x0000000082a00000|100%| O|  |TAMS 0x0000000082a00000, 0x0000000082900000| Untracked 
|  42|0x0000000082a00000, 0x0000000082b00000, 0x0000000082b00000|100%| O|  |TAMS 0x0000000082b00000, 0x0000000082a00000| Untracked 
|  43|0x0000000082b00000, 0x0000000082c00000, 0x0000000082c00000|100%| O|  |TAMS 0x0000000082c00000, 0x0000000082b00000| Untracked 
|  44|0x0000000082c00000, 0x0000000082d00000, 0x0000000082d00000|100%| O|  |TAMS 0x0000000082d00000, 0x0000000082c00000| Untracked 
|  45|0x0000000082d00000, 0x0000000082d00000, 0x0000000082e00000|  0%| F|  |TAMS 0x0000000082d00000, 0x0000000082d00000| Untracked 
|  46|0x0000000082e00000, 0x0000000082f00000, 0x0000000082f00000|100%| O|  |TAMS 0x0000000082e00000, 0x0000000082e00000| Untracked 
|  47|0x0000000082f00000, 0x0000000083000000, 0x0000000083000000|100%| O|  |TAMS 0x0000000082f00000, 0x0000000082f00000| Untracked 
|  48|0x0000000083000000, 0x0000000083100000, 0x0000000083100000|100%| O|  |TAMS 0x0000000083000000, 0x0000000083000000| Untracked 
|  49|0x0000000083100000, 0x0000000083200000, 0x0000000083200000|100%| O|  |TAMS 0x0000000083100000, 0x0000000083100000| Untracked 
|  50|0x0000000083200000, 0x0000000083275c00, 0x0000000083300000| 45%| O|  |TAMS 0x0000000083200000, 0x0000000083200000| Untracked 
|  51|0x0000000083300000, 0x0000000083300000, 0x0000000083400000|  0%| F|  |TAMS 0x0000000083300000, 0x0000000083300000| Untracked 
|  52|0x0000000083400000, 0x0000000083400000, 0x0000000083500000|  0%| F|  |TAMS 0x0000000083400000, 0x0000000083400000| Untracked 
|  53|0x0000000083500000, 0x0000000083500000, 0x0000000083600000|  0%| F|  |TAMS 0x0000000083500000, 0x0000000083500000| Untracked 
|  54|0x0000000083600000, 0x0000000083600000, 0x0000000083700000|  0%| F|  |TAMS 0x0000000083600000, 0x0000000083600000| Untracked 
|  55|0x0000000083700000, 0x0000000083700000, 0x0000000083800000|  0%| F|  |TAMS 0x0000000083700000, 0x0000000083700000| Untracked 
|  56|0x0000000083800000, 0x0000000083800000, 0x0000000083900000|  0%| F|  |TAMS 0x0000000083800000, 0x0000000083800000| Untracked 
|  57|0x0000000083900000, 0x0000000083900000, 0x0000000083a00000|  0%| F|  |TAMS 0x0000000083900000, 0x0000000083900000| Untracked 
|  58|0x0000000083a00000, 0x0000000083a00000, 0x0000000083b00000|  0%| F|  |TAMS 0x0000000083a00000, 0x0000000083a00000| Untracked 
|  59|0x0000000083b00000, 0x0000000083b00000, 0x0000000083c00000|  0%| F|  |TAMS 0x0000000083b00000, 0x0000000083b00000| Untracked 
|  60|0x0000000083c00000, 0x0000000083c00000, 0x0000000083d00000|  0%| F|  |TAMS 0x0000000083c00000, 0x0000000083c00000| Untracked 
|  61|0x0000000083d00000, 0x0000000083d00000, 0x0000000083e00000|  0%| F|  |TAMS 0x0000000083d00000, 0x0000000083d00000| Untracked 
|  62|0x0000000083e00000, 0x0000000083e00000, 0x0000000083f00000|  0%| F|  |TAMS 0x0000000083e00000, 0x0000000083e00000| Untracked 
|  63|0x0000000083f00000, 0x0000000083f00000, 0x0000000084000000|  0%| F|  |TAMS 0x0000000083f00000, 0x0000000083f00000| Untracked 
|  64|0x0000000084000000, 0x0000000084000000, 0x0000000084100000|  0%| F|  |TAMS 0x0000000084000000, 0x0000000084000000| Untracked 
|  65|0x0000000084100000, 0x0000000084100000, 0x0000000084200000|  0%| F|  |TAMS 0x0000000084100000, 0x0000000084100000| Untracked 
|  66|0x0000000084200000, 0x0000000084200000, 0x0000000084300000|  0%| F|  |TAMS 0x0000000084200000, 0x0000000084200000| Untracked 
|  67|0x0000000084300000, 0x0000000084300000, 0x0000000084400000|  0%| F|  |TAMS 0x0000000084300000, 0x0000000084300000| Untracked 
|  68|0x0000000084400000, 0x0000000084400000, 0x0000000084500000|  0%| F|  |TAMS 0x0000000084400000, 0x0000000084400000| Untracked 
|  69|0x0000000084500000, 0x0000000084500000, 0x0000000084600000|  0%| F|  |TAMS 0x0000000084500000, 0x0000000084500000| Untracked 
|  70|0x0000000084600000, 0x0000000084600000, 0x0000000084700000|  0%| F|  |TAMS 0x0000000084600000, 0x0000000084600000| Untracked 
|  71|0x0000000084700000, 0x0000000084700000, 0x0000000084800000|  0%| F|  |TAMS 0x0000000084700000, 0x0000000084700000| Untracked 
|  72|0x0000000084800000, 0x0000000084800000, 0x0000000084900000|  0%| F|  |TAMS 0x0000000084800000, 0x0000000084800000| Untracked 
|  73|0x0000000084900000, 0x0000000084900000, 0x0000000084a00000|  0%| F|  |TAMS 0x0000000084900000, 0x0000000084900000| Untracked 
|  74|0x0000000084a00000, 0x0000000084a00000, 0x0000000084b00000|  0%| F|  |TAMS 0x0000000084a00000, 0x0000000084a00000| Untracked 
|  75|0x0000000084b00000, 0x0000000084b00000, 0x0000000084c00000|  0%| F|  |TAMS 0x0000000084b00000, 0x0000000084b00000| Untracked 
|  76|0x0000000084c00000, 0x0000000084c00000, 0x0000000084d00000|  0%| F|  |TAMS 0x0000000084c00000, 0x0000000084c00000| Untracked 
|  77|0x0000000084d00000, 0x0000000084d00000, 0x0000000084e00000|  0%| F|  |TAMS 0x0000000084d00000, 0x0000000084d00000| Untracked 
|  78|0x0000000084e00000, 0x0000000084e00000, 0x0000000084f00000|  0%| F|  |TAMS 0x0000000084e00000, 0x0000000084e00000| Untracked 
|  79|0x0000000084f00000, 0x0000000084f00000, 0x0000000085000000|  0%| F|  |TAMS 0x0000000084f00000, 0x0000000084f00000| Untracked 
|  80|0x0000000085000000, 0x0000000085000000, 0x0000000085100000|  0%| F|  |TAMS 0x0000000085000000, 0x0000000085000000| Untracked 
|  81|0x0000000085100000, 0x0000000085100000, 0x0000000085200000|  0%| F|  |TAMS 0x0000000085100000, 0x0000000085100000| Untracked 
|  82|0x0000000085200000, 0x0000000085200000, 0x0000000085300000|  0%| F|  |TAMS 0x0000000085200000, 0x0000000085200000| Untracked 
|  83|0x0000000085300000, 0x0000000085300000, 0x0000000085400000|  0%| F|  |TAMS 0x0000000085300000, 0x0000000085300000| Untracked 
|  84|0x0000000085400000, 0x0000000085400000, 0x0000000085500000|  0%| F|  |TAMS 0x0000000085400000, 0x0000000085400000| Untracked 
|  85|0x0000000085500000, 0x0000000085500000, 0x0000000085600000|  0%| F|  |TAMS 0x0000000085500000, 0x0000000085500000| Untracked 
|  86|0x0000000085600000, 0x0000000085600000, 0x0000000085700000|  0%| F|  |TAMS 0x0000000085600000, 0x0000000085600000| Untracked 
|  87|0x0000000085700000, 0x0000000085700000, 0x0000000085800000|  0%| F|  |TAMS 0x0000000085700000, 0x0000000085700000| Untracked 
|  88|0x0000000085800000, 0x0000000085800000, 0x0000000085900000|  0%| F|  |TAMS 0x0000000085800000, 0x0000000085800000| Untracked 
|  89|0x0000000085900000, 0x0000000085900000, 0x0000000085a00000|  0%| F|  |TAMS 0x0000000085900000, 0x0000000085900000| Untracked 
|  90|0x0000000085a00000, 0x0000000085a00000, 0x0000000085b00000|  0%| F|  |TAMS 0x0000000085a00000, 0x0000000085a00000| Untracked 
|  91|0x0000000085b00000, 0x0000000085b00000, 0x0000000085c00000|  0%| F|  |TAMS 0x0000000085b00000, 0x0000000085b00000| Untracked 
|  92|0x0000000085c00000, 0x0000000085c00000, 0x0000000085d00000|  0%| F|  |TAMS 0x0000000085c00000, 0x0000000085c00000| Untracked 
|  93|0x0000000085d00000, 0x0000000085d00000, 0x0000000085e00000|  0%| F|  |TAMS 0x0000000085d00000, 0x0000000085d00000| Untracked 
|  94|0x0000000085e00000, 0x0000000085e00000, 0x0000000085f00000|  0%| F|  |TAMS 0x0000000085e00000, 0x0000000085e00000| Untracked 
|  95|0x0000000085f00000, 0x0000000085f00000, 0x0000000086000000|  0%| F|  |TAMS 0x0000000085f00000, 0x0000000085f00000| Untracked 
|  96|0x0000000086000000, 0x00000000860a97a0, 0x0000000086100000| 66%| S|CS|TAMS 0x0000000086000000, 0x0000000086000000| Complete 
|  97|0x0000000086100000, 0x0000000086200000, 0x0000000086200000|100%| S|CS|TAMS 0x0000000086100000, 0x0000000086100000| Complete 
|  98|0x0000000086200000, 0x0000000086300000, 0x0000000086300000|100%| S|CS|TAMS 0x0000000086200000, 0x0000000086200000| Complete 
|  99|0x0000000086300000, 0x0000000086400000, 0x0000000086400000|100%| S|CS|TAMS 0x0000000086300000, 0x0000000086300000| Complete 
| 100|0x0000000086400000, 0x0000000086400000, 0x0000000086500000|  0%| F|  |TAMS 0x0000000086400000, 0x0000000086400000| Untracked 
| 101|0x0000000086500000, 0x0000000086500000, 0x0000000086600000|  0%| F|  |TAMS 0x0000000086500000, 0x0000000086500000| Untracked 
| 102|0x0000000086600000, 0x0000000086600000, 0x0000000086700000|  0%| F|  |TAMS 0x0000000086600000, 0x0000000086600000| Untracked 
| 103|0x0000000086700000, 0x0000000086700000, 0x0000000086800000|  0%| F|  |TAMS 0x0000000086700000, 0x0000000086700000| Untracked 
| 104|0x0000000086800000, 0x0000000086800000, 0x0000000086900000|  0%| F|  |TAMS 0x0000000086800000, 0x0000000086800000| Untracked 
| 105|0x0000000086900000, 0x0000000086900000, 0x0000000086a00000|  0%| F|  |TAMS 0x0000000086900000, 0x0000000086900000| Untracked 
| 106|0x0000000086a00000, 0x0000000086a00000, 0x0000000086b00000|  0%| F|  |TAMS 0x0000000086a00000, 0x0000000086a00000| Untracked 
| 107|0x0000000086b00000, 0x0000000086b00000, 0x0000000086c00000|  0%| F|  |TAMS 0x0000000086b00000, 0x0000000086b00000| Untracked 
| 108|0x0000000086c00000, 0x0000000086c00000, 0x0000000086d00000|  0%| F|  |TAMS 0x0000000086c00000, 0x0000000086c00000| Untracked 
| 109|0x0000000086d00000, 0x0000000086d00000, 0x0000000086e00000|  0%| F|  |TAMS 0x0000000086d00000, 0x0000000086d00000| Untracked 
| 110|0x0000000086e00000, 0x0000000086e00000, 0x0000000086f00000|  0%| F|  |TAMS 0x0000000086e00000, 0x0000000086e00000| Untracked 
| 111|0x0000000086f00000, 0x0000000086f00000, 0x0000000087000000|  0%| F|  |TAMS 0x0000000086f00000, 0x0000000086f00000| Untracked 
| 112|0x0000000087000000, 0x0000000087000000, 0x0000000087100000|  0%| F|  |TAMS 0x0000000087000000, 0x0000000087000000| Untracked 
| 113|0x0000000087100000, 0x0000000087100000, 0x0000000087200000|  0%| F|  |TAMS 0x0000000087100000, 0x0000000087100000| Untracked 
| 114|0x0000000087200000, 0x0000000087200000, 0x0000000087300000|  0%| F|  |TAMS 0x0000000087200000, 0x0000000087200000| Untracked 
| 115|0x0000000087300000, 0x0000000087300000, 0x0000000087400000|  0%| F|  |TAMS 0x0000000087300000, 0x0000000087300000| Untracked 
| 116|0x0000000087400000, 0x0000000087400000, 0x0000000087500000|  0%| F|  |TAMS 0x0000000087400000, 0x0000000087400000| Untracked 
| 117|0x0000000087500000, 0x0000000087500000, 0x0000000087600000|  0%| F|  |TAMS 0x0000000087500000, 0x0000000087500000| Untracked 
| 118|0x0000000087600000, 0x0000000087600000, 0x0000000087700000|  0%| F|  |TAMS 0x0000000087600000, 0x0000000087600000| Untracked 
| 119|0x0000000087700000, 0x0000000087700000, 0x0000000087800000|  0%| F|  |TAMS 0x0000000087700000, 0x0000000087700000| Untracked 
| 120|0x0000000087800000, 0x0000000087800000, 0x0000000087900000|  0%| F|  |TAMS 0x0000000087800000, 0x0000000087800000| Untracked 
| 121|0x0000000087900000, 0x0000000087900000, 0x0000000087a00000|  0%| F|  |TAMS 0x0000000087900000, 0x0000000087900000| Untracked 
| 122|0x0000000087a00000, 0x0000000087a00000, 0x0000000087b00000|  0%| F|  |TAMS 0x0000000087a00000, 0x0000000087a00000| Untracked 
| 123|0x0000000087b00000, 0x0000000087b00000, 0x0000000087c00000|  0%| F|  |TAMS 0x0000000087b00000, 0x0000000087b00000| Untracked 
| 124|0x0000000087c00000, 0x0000000087c00000, 0x0000000087d00000|  0%| F|  |TAMS 0x0000000087c00000, 0x0000000087c00000| Untracked 
| 125|0x0000000087d00000, 0x0000000087d00000, 0x0000000087e00000|  0%| F|  |TAMS 0x0000000087d00000, 0x0000000087d00000| Untracked 
| 126|0x0000000087e00000, 0x0000000087e00000, 0x0000000087f00000|  0%| F|  |TAMS 0x0000000087e00000, 0x0000000087e00000| Untracked 
| 127|0x0000000087f00000, 0x0000000087f00000, 0x0000000088000000|  0%| F|  |TAMS 0x0000000087f00000, 0x0000000087f00000| Untracked 
| 128|0x0000000088000000, 0x0000000088000000, 0x0000000088100000|  0%| F|  |TAMS 0x0000000088000000, 0x0000000088000000| Untracked 
| 129|0x0000000088100000, 0x0000000088100000, 0x0000000088200000|  0%| F|  |TAMS 0x0000000088100000, 0x0000000088100000| Untracked 
| 130|0x0000000088200000, 0x0000000088200000, 0x0000000088300000|  0%| F|  |TAMS 0x0000000088200000, 0x0000000088200000| Untracked 
| 131|0x0000000088300000, 0x0000000088300000, 0x0000000088400000|  0%| F|  |TAMS 0x0000000088300000, 0x0000000088300000| Untracked 
| 132|0x0000000088400000, 0x0000000088400000, 0x0000000088500000|  0%| F|  |TAMS 0x0000000088400000, 0x0000000088400000| Untracked 
| 133|0x0000000088500000, 0x0000000088500000, 0x0000000088600000|  0%| F|  |TAMS 0x0000000088500000, 0x0000000088500000| Untracked 
| 134|0x0000000088600000, 0x0000000088600000, 0x0000000088700000|  0%| F|  |TAMS 0x0000000088600000, 0x0000000088600000| Untracked 
| 135|0x0000000088700000, 0x0000000088700000, 0x0000000088800000|  0%| F|  |TAMS 0x0000000088700000, 0x0000000088700000| Untracked 
| 136|0x0000000088800000, 0x0000000088800000, 0x0000000088900000|  0%| F|  |TAMS 0x0000000088800000, 0x0000000088800000| Untracked 
| 137|0x0000000088900000, 0x0000000088900000, 0x0000000088a00000|  0%| F|  |TAMS 0x0000000088900000, 0x0000000088900000| Untracked 
| 138|0x0000000088a00000, 0x0000000088a00000, 0x0000000088b00000|  0%| F|  |TAMS 0x0000000088a00000, 0x0000000088a00000| Untracked 
| 139|0x0000000088b00000, 0x0000000088b00000, 0x0000000088c00000|  0%| F|  |TAMS 0x0000000088b00000, 0x0000000088b00000| Untracked 
| 140|0x0000000088c00000, 0x0000000088c00000, 0x0000000088d00000|  0%| F|  |TAMS 0x0000000088c00000, 0x0000000088c00000| Untracked 
| 141|0x0000000088d00000, 0x0000000088d00000, 0x0000000088e00000|  0%| F|  |TAMS 0x0000000088d00000, 0x0000000088d00000| Untracked 
| 142|0x0000000088e00000, 0x0000000088e00000, 0x0000000088f00000|  0%| F|  |TAMS 0x0000000088e00000, 0x0000000088e00000| Untracked 
| 143|0x0000000088f00000, 0x0000000088f00000, 0x0000000089000000|  0%| F|  |TAMS 0x0000000088f00000, 0x0000000088f00000| Untracked 
| 144|0x0000000089000000, 0x0000000089000000, 0x0000000089100000|  0%| F|  |TAMS 0x0000000089000000, 0x0000000089000000| Untracked 
| 145|0x0000000089100000, 0x0000000089100000, 0x0000000089200000|  0%| F|  |TAMS 0x0000000089100000, 0x0000000089100000| Untracked 
| 146|0x0000000089200000, 0x0000000089200000, 0x0000000089300000|  0%| F|  |TAMS 0x0000000089200000, 0x0000000089200000| Untracked 
| 147|0x0000000089300000, 0x0000000089300000, 0x0000000089400000|  0%| F|  |TAMS 0x0000000089300000, 0x0000000089300000| Untracked 
| 148|0x0000000089400000, 0x0000000089400000, 0x0000000089500000|  0%| F|  |TAMS 0x0000000089400000, 0x0000000089400000| Untracked 
| 149|0x0000000089500000, 0x0000000089500000, 0x0000000089600000|  0%| F|  |TAMS 0x0000000089500000, 0x0000000089500000| Untracked 
| 150|0x0000000089600000, 0x0000000089600000, 0x0000000089700000|  0%| F|  |TAMS 0x0000000089600000, 0x0000000089600000| Untracked 
| 151|0x0000000089700000, 0x0000000089700000, 0x0000000089800000|  0%| F|  |TAMS 0x0000000089700000, 0x0000000089700000| Untracked 

Card table byte_map: [0x000001a1e8db0000,0x000001a1e91b0000] _byte_map_base: 0x000001a1e89b0000

Marking Bits (Prev, Next): (CMBitMap*) 0x000001a1d547dc78, (CMBitMap*) 0x000001a1d547dcb0
 Prev Bits: [0x000001a1e95b0000, 0x000001a1eb5b0000)
 Next Bits: [0x000001a1eb5b0000, 0x000001a1ed5b0000)

Polling page: 0x000001a1d3c30000

Metaspace:

Usage:
  Non-class:     56.21 MB capacity,    55.16 MB ( 98%) used,   909.16 KB (  2%) free+waste,   163.88 KB ( <1%) overhead. 
      Class:      8.62 MB capacity,     8.04 MB ( 93%) used,   517.88 KB (  6%) free+waste,    76.94 KB ( <1%) overhead. 
       Both:     64.84 MB capacity,    63.21 MB ( 97%) used,     1.39 MB (  2%) free+waste,   240.81 KB ( <1%) overhead. 

Virtual space:
  Non-class space:       58.00 MB reserved,      56.25 MB ( 97%) committed 
      Class space:        1.00 GB reserved,       8.70 MB ( <1%) committed 
             Both:        1.06 GB reserved,      64.95 MB (  6%) committed 

Chunk freelists:
   Non-Class:  39.00 KB
       Class:  1.00 KB
        Both:  40.00 KB

MaxMetaspaceSize: 17179869184.00 GB
CompressedClassSpaceSize: 1.00 GB
Initial GC threshold: 20.80 MB
Current GC threshold: 106.17 MB
CDS: off

CodeHeap 'non-profiled nmethods': size=120000Kb used=3382Kb max_used=3382Kb free=116617Kb
 bounds [0x000001a1e0a20000, 0x000001a1e0d70000, 0x000001a1e7f50000]
CodeHeap 'profiled nmethods': size=120000Kb used=13945Kb max_used=13945Kb free=106054Kb
 bounds [0x000001a1d94f0000, 0x000001a1da290000, 0x000001a1e0a20000]
CodeHeap 'non-nmethods': size=5760Kb used=2343Kb max_used=2375Kb free=3416Kb
 bounds [0x000001a1d8f50000, 0x000001a1d91c0000, 0x000001a1d94f0000]
 total_blobs=7307 nmethods=6458 adapters=761
 compilation: enabled
              stopped_count=0, restarted_count=0
 full_count=0

Compilation events (20 events):
Event: 10.844 Thread 0x000001a1f0a1f800 6511       2       java.beans.PropertyDescriptor::<init> (112 bytes)
Event: 10.845 Thread 0x000001a1f0a1f800 nmethod 6511 0x000001a1da286f90 code [0x000001a1da2871a0, 0x000001a1da2876e8]
Event: 10.845 Thread 0x000001a1f0a1f800 6512   !   2       java.beans.PropertyDescriptor::updateGenericsFor (37 bytes)
Event: 10.846 Thread 0x000001a1f0a1f800 nmethod 6512 0x000001a1da287890 code [0x000001a1da287ac0, 0x000001a1da288018]
Event: 10.847 Thread 0x000001a1f0a1f800 6513       2       java.beans.Introspector::isAssignable (27 bytes)
Event: 10.848 Thread 0x000001a1f0a1f800 nmethod 6513 0x000001a1da288390 code [0x000001a1da288540, 0x000001a1da288668]
Event: 10.856 Thread 0x000001a1f0a1f800 6514       2       java.util.LinkedList$ListItr::set (28 bytes)
Event: 10.856 Thread 0x000001a1f0a1f800 nmethod 6514 0x000001a1da288710 code [0x000001a1da2888e0, 0x000001a1da288bd8]
Event: 10.857 Thread 0x000001a1f0a1f800 6515       2       groovy.lang.MetaMethod::equal (38 bytes)
Event: 10.857 Thread 0x000001a1f0a1f800 nmethod 6515 0x000001a1da288d90 code [0x000001a1da288f40, 0x000001a1da2890f8]
Event: 10.857 Thread 0x000001a1f0a1f800 6516       2       org.apache.groovy.util.BeanUtils::decapitalize (68 bytes)
Event: 10.859 Thread 0x000001a1f0a1f800 nmethod 6516 0x000001a1da289210 code [0x000001a1da2894c0, 0x000001a1da289e08]
Event: 10.859 Thread 0x000001a1f0a1f800 6517       1       org.codehaus.groovy.runtime.callsite.AbstractCallSite::getArray (5 bytes)
Event: 10.860 Thread 0x000001a1f0a1f800 nmethod 6517 0x000001a1e0d6d290 code [0x000001a1e0d6d440, 0x000001a1e0d6d4f8]
Event: 10.860 Thread 0x000001a1f0a1f800 6518       1       java.lang.reflect.AccessibleObject::isAccessible (5 bytes)
Event: 10.860 Thread 0x000001a1f0a1f800 nmethod 6518 0x000001a1e0d6d590 code [0x000001a1e0d6d740, 0x000001a1e0d6d7f8]
Event: 10.869 Thread 0x000001a1f0a1f800 6519 %     3       groovy.lang.MetaClassImpl::inheritInterfaceNewMetaMethods @ 100 (195 bytes)
Event: 10.871 Thread 0x000001a1f0a1f800 nmethod 6519% 0x000001a1da28a390 code [0x000001a1da28a700, 0x000001a1da28bea8]
Event: 10.871 Thread 0x000001a1f0a1f800 6520       3       groovy.lang.MetaClassImpl::inheritInterfaceNewMetaMethods (195 bytes)
Event: 10.873 Thread 0x000001a1f0a1f800 nmethod 6520 0x000001a1da28c710 code [0x000001a1da28ca60, 0x000001a1da28dec8]

GC Heap History (20 events):
Event: 2.886 GC heap after
{Heap after GC invocations=4 (full 0):
 garbage-first heap   total 129024K, used 17390K [0x0000000080000000, 0x0000000100000000)
  region size 1024K, 1 young (1024K), 1 survivors (1024K)
 Metaspace       used 20638K, capacity 21081K, committed 21248K, reserved 1067008K
  class space    used 2538K, capacity 2695K, committed 2816K, reserved 1048576K
}
Event: 3.543 GC heap before
{Heap before GC invocations=5 (full 0):
 garbage-first heap   total 129024K, used 66542K [0x0000000080000000, 0x0000000100000000)
  region size 1024K, 50 young (51200K), 1 survivors (1024K)
 Metaspace       used 25862K, capacity 26502K, committed 26752K, reserved 1073152K
  class space    used 3382K, capacity 3615K, committed 3712K, reserved 1048576K
}
Event: 3.547 GC heap after
{Heap after GC invocations=6 (full 0):
 garbage-first heap   total 129024K, used 19172K [0x0000000080000000, 0x0000000100000000)
  region size 1024K, 3 young (3072K), 3 survivors (3072K)
 Metaspace       used 25862K, capacity 26502K, committed 26752K, reserved 1073152K
  class space    used 3382K, capacity 3615K, committed 3712K, reserved 1048576K
}
Event: 4.289 GC heap before
{Heap before GC invocations=6 (full 0):
 garbage-first heap   total 129024K, used 73444K [0x0000000080000000, 0x0000000100000000)
  region size 1024K, 56 young (57344K), 3 survivors (3072K)
 Metaspace       used 31494K, capacity 32214K, committed 32512K, reserved 1077248K
  class space    used 4218K, capacity 4502K, committed 4608K, reserved 1048576K
}
Event: 4.293 GC heap after
{Heap after GC invocations=7 (full 0):
 garbage-first heap   total 129024K, used 21486K [0x0000000080000000, 0x0000000100000000)
  region size 1024K, 5 young (5120K), 5 survivors (5120K)
 Metaspace       used 31494K, capacity 32214K, committed 32512K, reserved 1077248K
  class space    used 4218K, capacity 4502K, committed 4608K, reserved 1048576K
}
Event: 4.517 GC heap before
{Heap before GC invocations=7 (full 0):
 garbage-first heap   total 129024K, used 29678K [0x0000000080000000, 0x0000000100000000)
  region size 1024K, 15 young (15360K), 5 survivors (5120K)
 Metaspace       used 35019K, capacity 35786K, committed 35840K, reserved 1081344K
  class space    used 4561K, capacity 4863K, committed 4864K, reserved 1048576K
}
Event: 4.527 GC heap after
{Heap after GC invocations=8 (full 0):
 garbage-first heap   total 129024K, used 23169K [0x0000000080000000, 0x0000000100000000)
  region size 1024K, 4 young (4096K), 4 survivors (4096K)
 Metaspace       used 35019K, capacity 35786K, committed 35840K, reserved 1081344K
  class space    used 4561K, capacity 4863K, committed 4864K, reserved 1048576K
}
Event: 5.171 GC heap before
{Heap before GC invocations=9 (full 0):
 garbage-first heap   total 129024K, used 81537K [0x0000000080000000, 0x0000000100000000)
  region size 1024K, 59 young (60416K), 4 survivors (4096K)
 Metaspace       used 39114K, capacity 40056K, committed 40268K, reserved 1083392K
  class space    used 5025K, capacity 5387K, committed 5452K, reserved 1048576K
}
Event: 5.178 GC heap after
{Heap after GC invocations=10 (full 0):
 garbage-first heap   total 129024K, used 27084K [0x0000000080000000, 0x0000000100000000)
  region size 1024K, 8 young (8192K), 8 survivors (8192K)
 Metaspace       used 39114K, capacity 40056K, committed 40268K, reserved 1083392K
  class space    used 5025K, capacity 5387K, committed 5452K, reserved 1048576K
}
Event: 5.903 GC heap before
{Heap before GC invocations=10 (full 0):
 garbage-first heap   total 129024K, used 84428K [0x0000000080000000, 0x0000000100000000)
  region size 1024K, 64 young (65536K), 8 survivors (8192K)
 Metaspace       used 44363K, capacity 45439K, committed 45516K, reserved 1089536K
  class space    used 5685K, capacity 6061K, committed 6092K, reserved 1048576K
}
Event: 5.912 GC heap after
{Heap after GC invocations=11 (full 0):
 garbage-first heap   total 155648K, used 29786K [0x0000000080000000, 0x0000000100000000)
  region size 1024K, 4 young (4096K), 4 survivors (4096K)
 Metaspace       used 44363K, capacity 45439K, committed 45516K, reserved 1089536K
  class space    used 5685K, capacity 6061K, committed 6092K, reserved 1048576K
}
Event: 7.108 GC heap before
{Heap before GC invocations=11 (full 0):
 garbage-first heap   total 155648K, used 102490K [0x0000000080000000, 0x0000000100000000)
  region size 1024K, 75 young (76800K), 4 survivors (4096K)
 Metaspace       used 47915K, capacity 49234K, committed 49484K, reserved 1091584K
  class space    used 6123K, capacity 6600K, committed 6732K, reserved 1048576K
}
Event: 7.116 GC heap after
{Heap after GC invocations=12 (full 0):
 garbage-first heap   total 155648K, used 32630K [0x0000000080000000, 0x0000000100000000)
  region size 1024K, 7 young (7168K), 7 survivors (7168K)
 Metaspace       used 47915K, capacity 49234K, committed 49484K, reserved 1091584K
  class space    used 6123K, capacity 6600K, committed 6732K, reserved 1048576K
}
Event: 8.783 GC heap before
{Heap before GC invocations=12 (full 0):
 garbage-first heap   total 155648K, used 118646K [0x0000000080000000, 0x0000000100000000)
  region size 1024K, 87 young (89088K), 7 survivors (7168K)
 Metaspace       used 57233K, capacity 58713K, committed 58828K, reserved 1099776K
  class space    used 7279K, capacity 7799K, committed 7884K, reserved 1048576K
}
Event: 8.797 GC heap after
{Heap after GC invocations=13 (full 0):
 garbage-first heap   total 155648K, used 46014K [0x0000000080000000, 0x0000000100000000)
  region size 1024K, 11 young (11264K), 11 survivors (11264K)
 Metaspace       used 57233K, capacity 58713K, committed 58828K, reserved 1099776K
  class space    used 7279K, capacity 7799K, committed 7884K, reserved 1048576K
}
Event: 8.984 GC heap before
{Heap before GC invocations=13 (full 0):
 garbage-first heap   total 155648K, used 52158K [0x0000000080000000, 0x0000000100000000)
  region size 1024K, 18 young (18432K), 11 survivors (11264K)
 Metaspace       used 58693K, capacity 60130K, committed 60236K, reserved 1101824K
  class space    used 7468K, capacity 7974K, committed 8012K, reserved 1048576K
}
Event: 8.999 GC heap after
{Heap after GC invocations=14 (full 0):
 garbage-first heap   total 155648K, used 47658K [0x0000000080000000, 0x0000000100000000)
  region size 1024K, 2 young (2048K), 2 survivors (2048K)
 Metaspace       used 58693K, capacity 60130K, committed 60236K, reserved 1101824K
  class space    used 7468K, capacity 7974K, committed 8012K, reserved 1048576K
}
Event: 10.124 GC heap before
{Heap before GC invocations=15 (full 0):
 garbage-first heap   total 155648K, used 92714K [0x0000000080000000, 0x0000000100000000)
  region size 1024K, 47 young (48128K), 2 survivors (2048K)
 Metaspace       used 63254K, capacity 64828K, committed 64972K, reserved 1105920K
  class space    used 8004K, capacity 8574K, committed 8652K, reserved 1048576K
}
Event: 10.134 GC heap after
{Heap after GC invocations=16 (full 0):
 garbage-first heap   total 155648K, used 50789K [0x0000000080000000, 0x0000000100000000)
  region size 1024K, 5 young (5120K), 5 survivors (5120K)
 Metaspace       used 63254K, capacity 64828K, committed 64972K, reserved 1105920K
  class space    used 8004K, capacity 8574K, committed 8652K, reserved 1048576K
}
Event: 10.878 GC heap before
{Heap before GC invocations=17 (full 0):
 garbage-first heap   total 155648K, used 98917K [0x0000000080000000, 0x0000000100000000)
  region size 1024K, 52 young (53248K), 5 survivors (5120K)
 Metaspace       used 64724K, capacity 66392K, committed 66508K, reserved 1107968K
  class space    used 8236K, capacity 8831K, committed 8908K, reserved 1048576K
}

Deoptimization events (20 events):
Event: 10.409 Thread 0x000001a1f2f4a800 Uncommon trap: trap_request=0xffffff4d fr.pc=0x000001a1e0a91540 relative=0x0000000000000380
Event: 10.409 Thread 0x000001a1f2f4a800 Uncommon trap: reason=unstable_if action=reinterpret pc=0x000001a1e0a91540 method=java.lang.AbstractStringBuilder.isLatin1()Z @ 10 c2
Event: 10.409 Thread 0x000001a1f2f4a800 DEOPT PACKING pc=0x000001a1e0a91540 sp=0x0000001898bf69a0
Event: 10.409 Thread 0x000001a1f2f4a800 DEOPT UNPACKING pc=0x000001a1d8f9a1af sp=0x0000001898bf6920 mode 2
Event: 10.409 Thread 0x000001a1f2f4a800 Uncommon trap: trap_request=0xffffff4d fr.pc=0x000001a1e0a55e28 relative=0x0000000000000468
Event: 10.409 Thread 0x000001a1f2f4a800 Uncommon trap: reason=unstable_if action=reinterpret pc=0x000001a1e0a55e28 method=java.lang.AbstractStringBuilder.putStringAt(ILjava/lang/String;)V @ 8 c2
Event: 10.409 Thread 0x000001a1f2f4a800 DEOPT PACKING pc=0x000001a1e0a55e28 sp=0x0000001898bf68f0
Event: 10.409 Thread 0x000001a1f2f4a800 DEOPT UNPACKING pc=0x000001a1d8f9a1af sp=0x0000001898bf6850 mode 2
Event: 10.409 Thread 0x000001a1f2f4a800 Uncommon trap: trap_request=0xffffff4d fr.pc=0x000001a1e0a5536c relative=0x00000000000000cc
Event: 10.409 Thread 0x000001a1f2f4a800 Uncommon trap: reason=unstable_if action=reinterpret pc=0x000001a1e0a5536c method=java.lang.String.getBytes([BIB)V @ 5 c2
Event: 10.409 Thread 0x000001a1f2f4a800 DEOPT PACKING pc=0x000001a1e0a5536c sp=0x0000001898bf6800
Event: 10.409 Thread 0x000001a1f2f4a800 DEOPT UNPACKING pc=0x000001a1d8f9a1af sp=0x0000001898bf67c8 mode 2
Event: 10.561 Thread 0x000001a1f2f4a800 Uncommon trap: trap_request=0xffffff4d fr.pc=0x000001a1e0cc268c relative=0x0000000000000bcc
Event: 10.561 Thread 0x000001a1f2f4a800 Uncommon trap: reason=unstable_if action=reinterpret pc=0x000001a1e0cc268c method=java.lang.ClassLoader.loadClass(Ljava/lang/String;Z)Ljava/lang/Class; @ 29 c2
Event: 10.561 Thread 0x000001a1f2f4a800 DEOPT PACKING pc=0x000001a1e0cc268c sp=0x0000001898bf6e20
Event: 10.561 Thread 0x000001a1f2f4a800 DEOPT UNPACKING pc=0x000001a1d8f9a1af sp=0x0000001898bf6de8 mode 2
Event: 10.637 Thread 0x000001a1f2f4a800 Uncommon trap: trap_request=0xffffff4d fr.pc=0x000001a1e0bba600 relative=0x0000000000000340
Event: 10.637 Thread 0x000001a1f2f4a800 Uncommon trap: reason=unstable_if action=reinterpret pc=0x000001a1e0bba600 method=java.util.StringJoiner.add(Ljava/lang/CharSequence;)Ljava/util/StringJoiner; @ 33 c2
Event: 10.637 Thread 0x000001a1f2f4a800 DEOPT PACKING pc=0x000001a1e0bba600 sp=0x0000001898bf5950
Event: 10.637 Thread 0x000001a1f2f4a800 DEOPT UNPACKING pc=0x000001a1d8f9a1af sp=0x0000001898bf5900 mode 2

Classes redefined (0 events):
No events

Internal exceptions (20 events):
Event: 10.694 Thread 0x000001a1f2f4a800 Exception <a 'java/lang/ClassNotFoundException'{0x00000000878be358}: build_agewg3onnpqa0p3elxyjlzej8BeanInfo> (0x00000000878be358) thrown at [./src/hotspot/share/classfile/systemDictionary.cpp, line 231]
Event: 10.695 Thread 0x000001a1f2f4a800 Exception <a 'java/lang/ClassNotFoundException'{0x00000000878c92b0}: build_agewg3onnpqa0p3elxyjlzej8Customizer> (0x00000000878c92b0) thrown at [./src/hotspot/share/classfile/systemDictionary.cpp, line 231]
Event: 10.810 Thread 0x000001a1f2f4a800 Exception <a 'java/lang/ClassNotFoundException'{0x00000000870ebb08}: com/android/build/gradle/internal/dsl/DefaultConfig$AgpDecorated_DecoratedBeanInfo> (0x00000000870ebb08) thrown at [./src/hotspot/share/classfile/systemDictionary.cpp, line 231]
Event: 10.811 Thread 0x000001a1f2f4a800 Exception <a 'java/lang/ClassNotFoundException'{0x0000000086f07768}: com/android/build/gradle/internal/dsl/DefaultConfig$AgpDecoratedBeanInfo> (0x0000000086f07768) thrown at [./src/hotspot/share/classfile/systemDictionary.cpp, line 231]
Event: 10.812 Thread 0x000001a1f2f4a800 Exception <a 'java/lang/ClassNotFoundException'{0x0000000086f21f78}: com/android/build/gradle/internal/dsl/DefaultConfigBeanInfo> (0x0000000086f21f78) thrown at [./src/hotspot/share/classfile/systemDictionary.cpp, line 231]
Event: 10.828 Thread 0x000001a1f2f4a800 Exception <a 'java/lang/ClassNotFoundException'{0x0000000086f3bdd8}: com/android/build/gradle/internal/dsl/BaseFlavorBeanInfo> (0x0000000086f3bdd8) thrown at [./src/hotspot/share/classfile/systemDictionary.cpp, line 231]
Event: 10.829 Thread 0x000001a1f2f4a800 Exception <a 'java/lang/ClassNotFoundException'{0x0000000086f55a60}: com/android/builder/core/AbstractProductFlavorBeanInfo> (0x0000000086f55a60) thrown at [./src/hotspot/share/classfile/systemDictionary.cpp, line 231]
Event: 10.832 Thread 0x000001a1f2f4a800 Exception <a 'java/lang/ClassNotFoundException'{0x0000000086f6f7f0}: com/android/builder/internal/BaseConfigImplBeanInfo> (0x0000000086f6f7f0) thrown at [./src/hotspot/share/classfile/systemDictionary.cpp, line 231]
Event: 10.833 Thread 0x000001a1f2f4a800 Exception <a 'java/lang/ClassNotFoundException'{0x0000000086f898e0}: com/android/builder/internal/BaseConfigImplCustomizer> (0x0000000086f898e0) thrown at [./src/hotspot/share/classfile/systemDictionary.cpp, line 231]
Event: 10.835 Thread 0x000001a1f2f4a800 Exception <a 'java/lang/ClassNotFoundException'{0x0000000086fc2100}: com/android/builder/core/AbstractProductFlavorCustomizer> (0x0000000086fc2100) thrown at [./src/hotspot/share/classfile/systemDictionary.cpp, line 231]
Event: 10.839 Thread 0x000001a1f2f4a800 Exception <a 'java/lang/ClassNotFoundException'{0x0000000086e173c8}: com/android/build/gradle/internal/dsl/BaseFlavorCustomizer> (0x0000000086e173c8) thrown at [./src/hotspot/share/classfile/systemDictionary.cpp, line 231]
Event: 10.844 Thread 0x000001a1f2f4a800 Exception <a 'java/lang/ClassNotFoundException'{0x0000000086e90848}: com/android/build/gradle/internal/dsl/DefaultConfigCustomizer> (0x0000000086e90848) thrown at [./src/hotspot/share/classfile/systemDictionary.cpp, line 231]
Event: 10.845 Thread 0x000001a1f2f4a800 Exception <a 'java/lang/ClassNotFoundException'{0x0000000086ec44f8}: com/android/build/gradle/internal/dsl/DefaultConfig$AgpDecoratedCustomizer> (0x0000000086ec44f8) thrown at [./src/hotspot/share/classfile/systemDictionary.cpp, line 231]
Event: 10.849 Thread 0x000001a1f2f4a800 Exception <a 'java/lang/ClassNotFoundException'{0x0000000086d20fc0}: com/android/build/gradle/internal/dsl/DefaultConfig$AgpDecorated_DecoratedCustomizer> (0x0000000086d20fc0) thrown at [./src/hotspot/share/classfile/systemDictionary.cpp, line 231]
Event: 10.864 Thread 0x000001a1f2f4a800 Exception <a 'java/lang/ClassNotFoundException'{0x0000000086c76430}: org/gradle/api/internal/NamedDomainObjectContainerConfigureDelegateBeanInfo> (0x0000000086c76430) thrown at [./src/hotspot/share/classfile/systemDictionary.cpp, line 231]
Event: 10.865 Thread 0x000001a1f2f4a800 Exception <a 'java/lang/ClassNotFoundException'{0x0000000086cae9e0}: org/gradle/api/internal/NamedDomainObjectContainerConfigureDelegateCustomizer> (0x0000000086cae9e0) thrown at [./src/hotspot/share/classfile/systemDictionary.cpp, line 231]
Event: 10.874 Thread 0x000001a1f2f4a800 Exception <a 'java/lang/ClassNotFoundException'{0x000000008692b1c8}: org/gradle/api/internal/FactoryNamedDomainObjectContainer_DecoratedBeanInfo> (0x000000008692b1c8) thrown at [./src/hotspot/share/classfile/systemDictionary.cpp, line 231]
Event: 10.875 Thread 0x000001a1f2f4a800 Exception <a 'java/lang/ClassNotFoundException'{0x000000008695fa20}: org/gradle/api/internal/FactoryNamedDomainObjectContainerBeanInfo> (0x000000008695fa20) thrown at [./src/hotspot/share/classfile/systemDictionary.cpp, line 231]
Event: 10.876 Thread 0x000001a1f2f4a800 Exception <a 'java/lang/ClassNotFoundException'{0x0000000086996060}: org/gradle/api/internal/AbstractNamedDomainObjectContainerBeanInfo> (0x0000000086996060) thrown at [./src/hotspot/share/classfile/systemDictionary.cpp, line 231]
Event: 10.877 Thread 0x000001a1f2f4a800 Exception <a 'java/lang/ClassNotFoundException'{0x00000000869cabd8}: org/gradle/api/internal/DefaultNamedDomainObjectSetBeanInfo> (0x00000000869cabd8) thrown at [./src/hotspot/share/classfile/systemDictionary.cpp, line 231]

Events (20 events):
Event: 10.875 loading class org/gradle/api/internal/AbstractNamedDomainObjectContainerBeanInfo done
Event: 10.876 loading class org/gradle/api/internal/AbstractNamedDomainObjectContainerBeanInfo
Event: 10.876 loading class org/gradle/api/internal/AbstractNamedDomainObjectContainerBeanInfo done
Event: 10.876 loading class org/gradle/api/internal/DefaultNamedDomainObjectSetBeanInfo
Event: 10.876 loading class org/gradle/api/internal/DefaultNamedDomainObjectSetBeanInfo done
Event: 10.876 loading class org/gradle/api/internal/DefaultNamedDomainObjectSetBeanInfo
Event: 10.876 loading class org/gradle/api/internal/DefaultNamedDomainObjectSetBeanInfo done
Event: 10.876 loading class org/gradle/api/internal/DefaultNamedDomainObjectSetBeanInfo
Event: 10.876 loading class org/gradle/api/internal/DefaultNamedDomainObjectSetBeanInfo done
Event: 10.877 loading class org/gradle/api/internal/DefaultNamedDomainObjectSetBeanInfo
Event: 10.877 loading class org/gradle/api/internal/DefaultNamedDomainObjectSetBeanInfo done
Event: 10.877 loading class org/gradle/api/internal/DefaultNamedDomainObjectSetCustomizer
Event: 10.877 loading class org/gradle/api/internal/DefaultNamedDomainObjectSetCustomizer done
Event: 10.877 loading class org/gradle/api/internal/DefaultNamedDomainObjectSetCustomizer
Event: 10.877 loading class org/gradle/api/internal/DefaultNamedDomainObjectSetCustomizer done
Event: 10.877 loading class org/gradle/api/internal/DefaultNamedDomainObjectSetCustomizer
Event: 10.877 loading class org/gradle/api/internal/DefaultNamedDomainObjectSetCustomizer done
Event: 10.878 loading class org/gradle/api/internal/DefaultNamedDomainObjectSetCustomizer
Event: 10.878 loading class org/gradle/api/internal/DefaultNamedDomainObjectSetCustomizer done
Event: 10.878 Executing VM operation: G1CollectForAllocation


Dynamic libraries:
0x00007ff726320000 - 0x00007ff72632a000 	C:\Program Files\Android\Android Studio\jre\bin\java.exe
0x00007ffd6f230000 - 0x00007ffd6f425000 	C:\WINDOWS\SYSTEM32\ntdll.dll
0x00007ffd6e310000 - 0x00007ffd6e3cd000 	C:\WINDOWS\System32\KERNEL32.DLL
0x00007ffd6ce10000 - 0x00007ffd6d0dd000 	C:\WINDOWS\System32\KERNELBASE.dll
0x00007ffd6d180000 - 0x00007ffd6d280000 	C:\WINDOWS\System32\ucrtbase.dll
0x00007ffd40e40000 - 0x00007ffd40e59000 	C:\Program Files\Android\Android Studio\jre\bin\jli.dll
0x00007ffd6e910000 - 0x00007ffd6eab0000 	C:\WINDOWS\System32\USER32.dll
0x00007ffd390a0000 - 0x00007ffd390b7000 	C:\Program Files\Android\Android Studio\jre\bin\VCRUNTIME140.dll
0x00007ffd6cde0000 - 0x00007ffd6ce02000 	C:\WINDOWS\System32\win32u.dll
0x00007ffd58550000 - 0x00007ffd587ea000 	C:\WINDOWS\WinSxS\amd64_microsoft.windows.common-controls_6595b64144ccf1df_6.0.19041.1110_none_60b5254171f9507e\COMCTL32.dll
0x00007ffd6dca0000 - 0x00007ffd6dcca000 	C:\WINDOWS\System32\GDI32.dll
0x00007ffd6cac0000 - 0x00007ffd6cbcb000 	C:\WINDOWS\System32\gdi32full.dll
0x00007ffd6e870000 - 0x00007ffd6e90e000 	C:\WINDOWS\System32\msvcrt.dll
0x00007ffd6d0e0000 - 0x00007ffd6d17d000 	C:\WINDOWS\System32\msvcp_win.dll
0x00007ffd6eab0000 - 0x00007ffd6eae0000 	C:\WINDOWS\System32\IMM32.DLL
0x00007ffd1c390000 - 0x00007ffd1c42d000 	C:\Program Files\Android\Android Studio\jre\bin\msvcp140.dll
0x00007ffcef040000 - 0x00007ffcefb25000 	C:\Program Files\Android\Android Studio\jre\bin\server\jvm.dll
0x00007ffd6dac0000 - 0x00007ffd6db6e000 	C:\WINDOWS\System32\ADVAPI32.dll
0x00007ffd6df50000 - 0x00007ffd6dfec000 	C:\WINDOWS\System32\sechost.dll
0x00007ffd6e0c0000 - 0x00007ffd6e1e5000 	C:\WINDOWS\System32\RPCRT4.dll
0x00007ffd6e3e0000 - 0x00007ffd6e3e8000 	C:\WINDOWS\System32\PSAPI.DLL
0x00007ffd56670000 - 0x00007ffd56697000 	C:\WINDOWS\SYSTEM32\WINMM.dll
0x00007ffd61960000 - 0x00007ffd6196a000 	C:\WINDOWS\SYSTEM32\VERSION.dll
0x00007ffd54d20000 - 0x00007ffd54d29000 	C:\WINDOWS\SYSTEM32\WSOCK32.dll
0x00007ffd6dff0000 - 0x00007ffd6e05b000 	C:\WINDOWS\System32\ws2_32.DLL
0x00007ffd6b1d0000 - 0x00007ffd6b1e2000 	C:\WINDOWS\SYSTEM32\kernel.appcore.dll
0x00007ffcfe340000 - 0x00007ffcfe351000 	C:\Program Files\Android\Android Studio\jre\bin\verify.dll
0x00007ffd6a050000 - 0x00007ffd6a234000 	C:\WINDOWS\SYSTEM32\DBGHELP.DLL
0x00007ffd5fcb0000 - 0x00007ffd5fcdc000 	C:\WINDOWS\SYSTEM32\dbgcore.DLL
0x00007ffd6c940000 - 0x00007ffd6c9c2000 	C:\WINDOWS\System32\bcryptPrimitives.dll
0x00007ffcfc4c0000 - 0x00007ffcfc4e9000 	C:\Program Files\Android\Android Studio\jre\bin\java.dll
0x00007ffd31820000 - 0x00007ffd3182b000 	C:\Program Files\Android\Android Studio\jre\bin\jimage.dll
0x00007ffcf5f20000 - 0x00007ffcf5f38000 	C:\Program Files\Android\Android Studio\jre\bin\zip.dll
0x00007ffd6d280000 - 0x00007ffd6d9c4000 	C:\WINDOWS\System32\SHELL32.dll
0x00007ffd6a780000 - 0x00007ffd6af14000 	C:\WINDOWS\SYSTEM32\windows.storage.dll
0x00007ffd6eae0000 - 0x00007ffd6ee34000 	C:\WINDOWS\System32\combase.dll
0x00007ffd6c3a0000 - 0x00007ffd6c3cc000 	C:\WINDOWS\SYSTEM32\Wldp.dll
0x00007ffd6dea0000 - 0x00007ffd6df4d000 	C:\WINDOWS\System32\SHCORE.dll
0x00007ffd6e2b0000 - 0x00007ffd6e305000 	C:\WINDOWS\System32\shlwapi.dll
0x00007ffd6c880000 - 0x00007ffd6c89f000 	C:\WINDOWS\SYSTEM32\profapi.dll
0x00007ffcf45a0000 - 0x00007ffcf45ba000 	C:\Program Files\Android\Android Studio\jre\bin\net.dll
0x00007ffd6a390000 - 0x00007ffd6a49a000 	C:\WINDOWS\SYSTEM32\WINHTTP.dll
0x00007ffd6c100000 - 0x00007ffd6c16a000 	C:\WINDOWS\system32\mswsock.dll
0x00007ffcf4580000 - 0x00007ffcf4594000 	C:\Program Files\Android\Android Studio\jre\bin\nio.dll
0x00007ffd627a0000 - 0x00007ffd627c7000 	C:\Users\tuanh\.gradle\native\e1d6ef7f7dcc3fd88c89a11ec53ec762bb8ba0a96d01ffa2cd45eb1d1d8dd5c5\windows-amd64\native-platform.dll
0x00007ffd2b320000 - 0x00007ffd2b464000 	C:\Users\tuanh\.gradle\native\5664cfc778a61ccfe75a443a1ab52a65af34e5dc3c78e0209fed803814484fcb\windows-amd64\native-platform-file-events.dll
0x00007ffd25d70000 - 0x00007ffd25d7a000 	C:\Program Files\Android\Android Studio\jre\bin\management.dll
0x00007ffd1d080000 - 0x00007ffd1d08d000 	C:\Program Files\Android\Android Studio\jre\bin\management_ext.dll
0x00007ffd6c300000 - 0x00007ffd6c318000 	C:\WINDOWS\SYSTEM32\CRYPTSP.dll
0x00007ffd6ba10000 - 0x00007ffd6ba44000 	C:\WINDOWS\system32\rsaenh.dll
0x00007ffd6c9d0000 - 0x00007ffd6c9f7000 	C:\WINDOWS\System32\bcrypt.dll
0x00007ffd6c840000 - 0x00007ffd6c86e000 	C:\WINDOWS\SYSTEM32\USERENV.dll
0x00007ffd6c2f0000 - 0x00007ffd6c2fc000 	C:\WINDOWS\SYSTEM32\CRYPTBASE.dll
0x00007ffd6bda0000 - 0x00007ffd6bddb000 	C:\WINDOWS\SYSTEM32\IPHLPAPI.DLL
0x00007ffd6e3d0000 - 0x00007ffd6e3d8000 	C:\WINDOWS\System32\NSI.dll
0x00007ffd5d3b0000 - 0x00007ffd5d3c7000 	C:\WINDOWS\SYSTEM32\dhcpcsvc6.DLL
0x00007ffd5e140000 - 0x00007ffd5e15d000 	C:\WINDOWS\SYSTEM32\dhcpcsvc.DLL
0x00007ffd6bdf0000 - 0x00007ffd6bebb000 	C:\WINDOWS\SYSTEM32\DNSAPI.dll

dbghelp: loaded successfully - version: 4.0.5 - missing functions: none
symbol engine: initialized successfully - sym options: 0x614 - pdb path: .;C:\Program Files\Android\Android Studio\jre\bin;C:\WINDOWS\SYSTEM32;C:\WINDOWS\WinSxS\amd64_microsoft.windows.common-controls_6595b64144ccf1df_6.0.19041.1110_none_60b5254171f9507e;C:\Program Files\Android\Android Studio\jre\bin\server;C:\Users\tuanh\.gradle\native\e1d6ef7f7dcc3fd88c89a11ec53ec762bb8ba0a96d01ffa2cd45eb1d1d8dd5c5\windows-amd64;C:\Users\tuanh\.gradle\native\5664cfc778a61ccfe75a443a1ab52a65af34e5dc3c78e0209fed803814484fcb\windows-amd64

VM Arguments:
jvm_args: --add-opens=java.base/java.util=ALL-UNNAMED --add-opens=java.base/java.lang=ALL-UNNAMED --add-opens=java.base/java.lang.invoke=ALL-UNNAMED --add-opens=java.base/java.util=ALL-UNNAMED --add-opens=java.prefs/java.util.prefs=ALL-UNNAMED --add-opens=java.prefs/java.util.prefs=ALL-UNNAMED --add-opens=java.base/java.nio.charset=ALL-UNNAMED --add-opens=java.base/java.net=ALL-UNNAMED --add-opens=java.base/java.util.concurrent.atomic=ALL-UNNAMED -Xmx2048m -Dfile.encoding=UTF-8 -Duser.country=US -Duser.language=en -Duser.variant 
java_command: org.gradle.launcher.daemon.bootstrap.GradleDaemon 7.2
java_class_path (initial): C:\Users\tuanh\.gradle\wrapper\dists\gradle-7.2-bin\2dnblmf4td7x66yl1d74lt32g\gradle-7.2\lib\gradle-launcher-7.2.jar
Launcher Type: SUN_STANDARD

[Global flags]
     intx CICompilerCount                          = 4                                         {product} {ergonomic}
     uint ConcGCThreads                            = 2                                         {product} {ergonomic}
     uint G1ConcRefinementThreads                  = 8                                         {product} {ergonomic}
   size_t G1HeapRegionSize                         = 1048576                                   {product} {ergonomic}
    uintx GCDrainStackTargetSize                   = 64                                        {product} {ergonomic}
   size_t InitialHeapSize                          = 132120576                                 {product} {ergonomic}
   size_t MarkStackSize                            = 4194304                                   {product} {ergonomic}
   size_t MaxHeapSize                              = 2147483648                                {product} {command line}
   size_t MaxNewSize                               = 1287651328                                {product} {ergonomic}
   size_t MinHeapDeltaBytes                        = 1048576                                   {product} {ergonomic}
    uintx NonNMethodCodeHeapSize                   = 5836300                                {pd product} {ergonomic}
    uintx NonProfiledCodeHeapSize                  = 122910970                              {pd product} {ergonomic}
    uintx ProfiledCodeHeapSize                     = 122910970                              {pd product} {ergonomic}
    uintx ReservedCodeCacheSize                    = 251658240                              {pd product} {ergonomic}
     bool SegmentedCodeCache                       = true                                      {product} {ergonomic}
     bool UseCompressedClassPointers               = true                                 {lp64_product} {ergonomic}
     bool UseCompressedOops                        = true                                 {lp64_product} {ergonomic}
     bool UseG1GC                                  = true                                      {product} {ergonomic}
     bool UseLargePagesIndividualAllocation        = false                                  {pd product} {ergonomic}

Logging:
Log output configuration:
 #0: stdout all=warning uptime,level,tags
 #1: stderr all=off uptime,level,tags

Environment Variables:
PATH=C:\Program Files\Common Files\Oracle\Java\javapath;C:\Python310\Scripts\;C:\Python310\;C:\WINDOWS\system32;C:\WINDOWS;C:\WINDOWS\System32\Wbem;C:\WINDOWS\System32\WindowsPowerShell\v1.0\;C:\WINDOWS\System32\OpenSSH\;C:\Program Files\nodejs\;C:\ProgramData\chocolatey\bin;C:\Program Files\Git\cmd;C:\MinGW\bin;C:\Program Files (x86)\Microsoft SQL Server\150\DTS\Binn\;C:\Program Files\Azure Data Studio\bin;C:\Program Files\Microsoft SQL Server\Client SDK\ODBC\170\Tools\Binn\;C:\Program Files (x86)\Microsoft SQL Server\150\Tools\Binn\;C:\Program Files\Microsoft SQL Server\150\Tools\Binn\;C:\Program Files\Microsoft SQL Server\150\DTS\Binn\;C:\Users\tuanh\AppData\Local\Microsoft\WindowsApps;C:\Users\tuanh\AppData\Local\Programs\Microsoft VS Code\bin;C:\Users\tuanh\AppData\Roaming\npm;C:\Users\tuanh\AppData\Local\GitHubDesktop\bin;C:\Program Files\Azure Data Studio\bin
USERNAME=tuanh
OS=Windows_NT
PROCESSOR_IDENTIFIER=Intel64 Family 6 Model 142 Stepping 11, GenuineIntel



---------------  S Y S T E M  ---------------

OS: Windows 10 , 64 bit Build 19041 (10.0.19041.1706)
OS uptime: 0 days 14:50 hours

CPU:total 8 (initial active 8) (4 cores per cpu, 2 threads per core) family 6 model 142 stepping 11 microcode 0xea, cmov, cx8, fxsr, mmx, sse, sse2, sse3, ssse3, sse4.1, sse4.2, popcnt, avx, avx2, aes, clmul, erms, 3dnowpref, lzcnt, ht, tsc, tscinvbit, bmi1, bmi2, adx, fma

Memory: 4k page, system-wide physical 8005M (116M free)
TotalPageFile size 12101M (AvailPageFile size 11M)
current process WorkingSet (physical memory assigned to process): 340M, peak: 350M
current process commit charge ("private bytes"): 383M, peak: 414M

vm_info: OpenJDK 64-Bit Server VM (11.0.12+7-b1504.28-7817840) for windows-amd64 JRE (11.0.12+7-b1504.28-7817840), built on Oct 13 2021 22:12:33 by "builder" with MS VC++ 14.0 (VS2015)

END.
